info: MassTransit[0]
      Configured endpoint achievements.result-recorded, Consumer: AchievementsService.Consumers.ResultRecordedConsumer
info: Microsoft.Hosting.Lifetime[14]
      Now listening on: http://localhost:5303
info: Microsoft.Hosting.Lifetime[0]
      Application started. Press Ctrl+C to shut down.
info: Microsoft.Hosting.Lifetime[0]
      Hosting environment: Production
info: Microsoft.Hosting.Lifetime[0]
      Content root path: D:\RiderProjects\GameAchievements\AchievementsService\bin\Debug\net8.0
info: MassTransit[0]
      Bus started: rabbitmq://localhost/
info: Microsoft.EntityFrameworkCore.Database.Command[20101]
      Executed DbCommand (32ms) [Parameters=[@p0='?' (DbType = Guid), @p1='?' (DbType = DateTime)], CommandType='Text', CommandTimeout='30']
      INSERT INTO processed_results (result_id, processed_at)
VALUES (@p0, @p1)
ON CONFLICT (result_id) DO NOTHING
info: Microsoft.EntityFrameworkCore.Database.Command[20101]
      Executed DbCommand (3ms) [Parameters=[@__result_UserId_0='?' (DbType = Guid)], CommandType='Text', CommandTimeout='30']
      SELECT u.user_id, u.games_played, u.total_kills, u.total_score, u.wins
      FROM user_stats AS u
      WHERE u.user_id = @__result_UserId_0
      LIMIT 2
info: Microsoft.EntityFrameworkCore.Database.Command[20101]
      Executed DbCommand (2ms) [Parameters=[@p0='?' (DbType = Guid), @p1='?' (DbType = Int32), @p2='?' (DbType = Int32), @p3='?' (DbType = Int32), @p4='?' (DbType = Int32)], CommandType='Text', CommandTimeout='30']
      INSERT INTO user_stats (user_id, games_played, total_kills, total_score, wins)
      VALUES (@p0, @p1, @p2, @p3, @p4);
info: Microsoft.EntityFrameworkCore.Database.Command[20101]
      Executed DbCommand (4ms) [Parameters=[@p0='?' (DbType = Guid), @p1='?' (DbType = Guid), @p2='?', @p3='?' (DbType = DateTime)], CommandType='Text', CommandTimeout='30']
      INSERT INTO user_achievements (id, user_id, achievement_code, earned_at)
VALUES (@p0, @p1, @p2, @p3)
ON CONFLICT (user_id, achievement_code) DO NOTHING
info: Microsoft.EntityFrameworkCore.Database.Command[20101]
      Executed DbCommand (1ms) [Parameters=[@p0='?' (DbType = Guid), @p1='?' (DbType = Guid), @p2='?', @p3='?' (DbType = DateTime)], CommandType='Text', CommandTimeout='30']
      INSERT INTO user_achievements (id, user_id, achievement_code, earned_at)
VALUES (@p0, @p1, @p2, @p3)
ON CONFLICT (user_id, achievement_code) DO NOTHING
info: Microsoft.EntityFrameworkCore.Database.Command[20101]
      Executed DbCommand (1ms) [Parameters=[@p0='?' (DbType = Guid), @p1='?' (DbType = Guid), @p2='?', @p3='?' (DbType = DateTime)], CommandType='Text', CommandTimeout='30']
      INSERT INTO user_achievements (id, user_id, achievement_code, earned_at)
VALUES (@p0, @p1, @p2, @p3)
ON CONFLICT (user_id, achievement_code) DO NOTHING
info: Microsoft.EntityFrameworkCore.Database.Command[20101]
      Executed DbCommand (1ms) [Parameters=[@p0='?' (DbType = Guid), @p1='?' (DbType = Guid), @p2='?', @p3='?' (DbType = DateTime)], CommandType='Text', CommandTimeout='30']
      INSERT INTO user_achievements (id, user_id, achievement_code, earned_at)
VALUES (@p0, @p1, @p2, @p3)
ON CONFLICT (user_id, achievement_code) DO NOTHING
info: Microsoft.EntityFrameworkCore.Database.Command[20101]
      Executed DbCommand (1ms) [Parameters=[@p0='?' (DbType = Guid), @p1='?' (DbType = Guid), @p2='?', @p3='?' (DbType = DateTime)], CommandType='Text', CommandTimeout='30']
      INSERT INTO user_achievements (id, user_id, achievement_code, earned_at)
VALUES (@p0, @p1, @p2, @p3)
ON CONFLICT (user_id, achievement_code) DO NOTHING
info: Microsoft.EntityFrameworkCore.Database.Command[20101]
      Executed DbCommand (0ms) [Parameters=[@p0='?' (DbType = Guid), @p1='?' (DbType = Guid), @p2='?', @p3='?' (DbType = DateTime)], CommandType='Text', CommandTimeout='30']
      INSERT INTO user_achievements (id, user_id, achievement_code, earned_at)
VALUES (@p0, @p1, @p2, @p3)
ON CONFLICT (user_id, achievement_code) DO NOTHING
warn: Microsoft.AspNetCore.HttpsPolicy.HttpsRedirectionMiddleware[3]
      Failed to determine the https port for redirect.
info: Microsoft.EntityFrameworkCore.Database.Command[20101]
      Executed DbCommand (2ms) [Parameters=[], CommandType='Text', CommandTimeout='30']
      SELECT a.code, a.name, a.description, a.type, a.target_value
      FROM achievements AS a
      ORDER BY a.code
